<?xml version="1.0" encoding="UTF-8"?>
<!-- Generated by org.testng.reporters.JUnitXMLReporter -->
<testsuite ignored="2" hostname="DEBASISH" failures="0" tests="2" name="windowTest" time="11.477" errors="0" timestamp="2025-12-10T23:44:59 IST">
  <testcase classname="testCases.TC002_loginTestCase" name="loginTest" time="1.796"/>
  <testcase classname="testCases.TC001_accountRegisterTestCase" name="accountRegisterTest" time="1.811"/>
  <testcase classname="testCases.BaseTest" name="@BeforeTest setup" time="0.0">
    <ignored/>
  </testcase> <!-- @BeforeTest setup -->
  <testcase classname="testCases.BaseTest" name="@AfterTest tearDown" time="0.0">
    <ignored/>
  </testcase> <!-- @AfterTest tearDown -->
</testsuite> <!-- windowTest -->
