<?xml version="1.0" encoding="UTF-8"?>
<!-- Generated by org.testng.reporters.JUnitXMLReporter -->
<testsuite ignored="2" hostname="DEBASISH" failures="0" tests="2" name="groupTest" time="8.789" errors="0" timestamp="2025-12-11T00:02:52 IST">
  <testcase classname="testCases.TC002_loginTestCase" name="loginTest" time="1.914"/>
  <testcase classname="testCases.TC001_accountRegisterTestCase" name="accountRegisterTest" time="1.92"/>
  <testcase classname="testCases.BaseTest" name="@AfterTest tearDown" time="0.0">
    <ignored/>
  </testcase> <!-- @AfterTest tearDown -->
  <testcase classname="testCases.BaseTest" name="@BeforeTest setup" time="0.0">
    <ignored/>
  </testcase> <!-- @BeforeTest setup -->
</testsuite> <!-- groupTest -->
