<?xml version="1.0" encoding="UTF-8"?>
<testsuite xmlns:xsi="http://www.w3.org/2001/XMLSchema-instance" xsi:noNamespaceSchemaLocation="https://maven.apache.org/surefire/maven-surefire-plugin/xsd/surefire-test-report.xsd" version="3.0.2" name="TestSuite" time="10.491" tests="2" errors="0" skipped="0" failures="0">
  <properties>
[...]
</properties>
  <testcase name="loginTest" classname="testCases.TC002_loginTestCase" time="1.917">
    <system-out><![CDATA[00:02:45:547 [main] INFO  testCases.TC002_loginTestCase - ***TC002_accountRegisterTestCase Started***
Driver=ChromeDriver: chrome on windows (22f124a12c54637b16dccbf5ba2979e0)
00:02:45:948 [main] INFO  testCases.TC002_loginTestCase - ***Click on Login Page***
00:02:45:949 [main] INFO  testCases.TC002_loginTestCase - ***User Data Entry from Configuration file into Login Page***
]]></system-out>
    <system-err><![CDATA[Dec 11, 2025 12:02:44 AM org.openqa.selenium.devtools.CdpVersionFinder findNearestMatch
WARNING: Unable to find CDP implementation matching 142
Dec 11, 2025 12:02:44 AM org.openqa.selenium.chromium.ChromiumDriver lambda$new$5
WARNING: Unable to find version of CDP to use for 142.0.7444.176. You may need to include a dependency on a specific version of the CDP using something similar to `org.seleniumhq.selenium:selenium-devtools-v86:4.25.0` where the version ("v86") matches the version of the chromium-based browser you're using and the version number of the artifact is the same as Selenium's.
]]></system-err>
  </testcase>
  <testcase name="accountRegisterTest" classname="testCases.TC001_accountRegisterTestCase" time="1.921">
    <system-out><![CDATA[00:02:47:454 [main] INFO  testCases.TC001_accountRegisterTestCase - ***TC001_accountRegisterTestCase Started***
00:02:47:508 [main] INFO  testCases.TC001_accountRegisterTestCase - ***Click on Register Page***
00:02:48:451 [main] INFO  testCases.TC001_accountRegisterTestCase - ***Validation Started***
Passowrd is: hIRGk
00:02:49:374 [main] INFO  testCases.TC001_accountRegisterTestCase - ***Finished***
]]></system-out>
  </testcase>
</testsuite>