<?xml version="1.0" encoding="UTF-8"?>
<testng-results ignored="0" total="2" passed="2" failed="0" skipped="0">
  <reporter-output>
  </reporter-output>
  <suite started-at="2025-12-11T00:02:42 IST" name=" Group Suite" finished-at="2025-12-11T00:02:51 IST" duration-ms="8789">
    <groups>
      <group name="Master">
        <method signature="TC001_accountRegisterTestCase.accountRegisterTest()[pri:0, instance:testCases.TC001_accountRegisterTestCase@5505ae1a]" name="accountRegisterTest" class="testCases.TC001_accountRegisterTestCase"/>
        <method signature="TC002_loginTestCase.loginTest()[pri:0, instance:testCases.TC002_loginTestCase@7efaad5a]" name="loginTest" class="testCases.TC002_loginTestCase"/>
      </group> <!-- Master -->
      <group name="Sanity">
        <method signature="TC002_loginTestCase.loginTest()[pri:0, instance:testCases.TC002_loginTestCase@7efaad5a]" name="loginTest" class="testCases.TC002_loginTestCase"/>
      </group> <!-- Sanity -->
      <group name="Regression">
        <method signature="TC001_accountRegisterTestCase.accountRegisterTest()[pri:0, instance:testCases.TC001_accountRegisterTestCase@5505ae1a]" name="accountRegisterTest" class="testCases.TC001_accountRegisterTestCase"/>
      </group> <!-- Regression -->
    </groups>
    <test started-at="2025-12-11T00:02:42 IST" name="groupTest" finished-at="2025-12-11T00:02:51 IST" duration-ms="8789">
      <class name="testCases.TC002_loginTestCase">
        <test-method is-config="true" signature="setup(java.lang.String,java.lang.String)[pri:0, instance:testCases.TC002_loginTestCase@7efaad5a]" started-at="2025-12-11T00:02:42 IST" name="setup" finished-at="2025-12-11T00:02:45 IST" duration-ms="2655" status="PASS">
          <params>
            <param index="0">
              <value>
                <![CDATA[windows]]>
              </value>
            </param>
            <param index="1">
              <value>
                <![CDATA[chrome]]>
              </value>
            </param>
          </params>
          <reporter-output>
          </reporter-output>
        </test-method> <!-- setup -->
        <test-method signature="loginTest()[pri:0, instance:testCases.TC002_loginTestCase@7efaad5a]" started-at="2025-12-11T00:02:45 IST" name="loginTest" finished-at="2025-12-11T00:02:47 IST" duration-ms="1914" status="PASS">
          <reporter-output>
          </reporter-output>
        </test-method> <!-- loginTest -->
        <test-method is-config="true" signature="tearDown()[pri:0, instance:testCases.TC002_loginTestCase@7efaad5a]" started-at="2025-12-11T00:02:49 IST" name="tearDown" finished-at="2025-12-11T00:02:51 IST" duration-ms="2133" status="PASS">
          <reporter-output>
          </reporter-output>
        </test-method> <!-- tearDown -->
      </class> <!-- testCases.TC002_loginTestCase -->
      <class name="testCases.TC001_accountRegisterTestCase">
        <test-method signature="accountRegisterTest()[pri:0, instance:testCases.TC001_accountRegisterTestCase@5505ae1a]" started-at="2025-12-11T00:02:47 IST" name="accountRegisterTest" finished-at="2025-12-11T00:02:49 IST" duration-ms="1920" status="PASS">
          <reporter-output>
          </reporter-output>
        </test-method> <!-- accountRegisterTest -->
      </class> <!-- testCases.TC001_accountRegisterTestCase -->
    </test> <!-- groupTest -->
  </suite> <!--  Group Suite -->
</testng-results>
