<?xml version="1.0" encoding="UTF-8"?>
<testng-results ignored="0" total="2" passed="2" failed="0" skipped="0">
  <reporter-output>
  </reporter-output>
  <suite started-at="2025-12-10T23:44:47 IST" name="Suite" finished-at="2025-12-10T23:44:58 IST" duration-ms="11477">
    <groups>
      <group name="Master">
        <method signature="TC001_accountRegisterTestCase.accountRegisterTest()[pri:0, instance:testCases.TC001_accountRegisterTestCase@22356acd]" name="accountRegisterTest" class="testCases.TC001_accountRegisterTestCase"/>
        <method signature="TC002_loginTestCase.loginTest()[pri:0, instance:testCases.TC002_loginTestCase@a87f8ec]" name="loginTest" class="testCases.TC002_loginTestCase"/>
      </group> <!-- Master -->
      <group name="Sanity">
        <method signature="TC002_loginTestCase.loginTest()[pri:0, instance:testCases.TC002_loginTestCase@a87f8ec]" name="loginTest" class="testCases.TC002_loginTestCase"/>
      </group> <!-- Sanity -->
      <group name="Regression">
        <method signature="TC001_accountRegisterTestCase.accountRegisterTest()[pri:0, instance:testCases.TC001_accountRegisterTestCase@22356acd]" name="accountRegisterTest" class="testCases.TC001_accountRegisterTestCase"/>
      </group> <!-- Regression -->
    </groups>
    <test started-at="2025-12-10T23:44:47 IST" name="windowTest" finished-at="2025-12-10T23:44:58 IST" duration-ms="11477">
      <class name="testCases.TC002_loginTestCase">
        <test-method is-config="true" signature="setup(java.lang.String,java.lang.String)[pri:0, instance:testCases.TC002_loginTestCase@a87f8ec]" started-at="2025-12-10T23:44:47 IST" name="setup" finished-at="2025-12-10T23:44:52 IST" duration-ms="5455" status="PASS">
          <params>
            <param index="0">
              <value>
                <![CDATA[window]]>
              </value>
            </param>
            <param index="1">
              <value>
                <![CDATA[edge]]>
              </value>
            </param>
          </params>
          <reporter-output>
          </reporter-output>
        </test-method> <!-- setup -->
        <test-method signature="loginTest()[pri:0, instance:testCases.TC002_loginTestCase@a87f8ec]" started-at="2025-12-10T23:44:52 IST" name="loginTest" finished-at="2025-12-10T23:44:54 IST" duration-ms="1796" status="PASS">
          <reporter-output>
          </reporter-output>
        </test-method> <!-- loginTest -->
        <test-method is-config="true" signature="tearDown()[pri:0, instance:testCases.TC002_loginTestCase@a87f8ec]" started-at="2025-12-10T23:44:56 IST" name="tearDown" finished-at="2025-12-10T23:44:58 IST" duration-ms="2164" status="PASS">
          <reporter-output>
          </reporter-output>
        </test-method> <!-- tearDown -->
      </class> <!-- testCases.TC002_loginTestCase -->
      <class name="testCases.TC001_accountRegisterTestCase">
        <test-method signature="accountRegisterTest()[pri:0, instance:testCases.TC001_accountRegisterTestCase@22356acd]" started-at="2025-12-10T23:44:54 IST" name="accountRegisterTest" finished-at="2025-12-10T23:44:56 IST" duration-ms="1811" status="PASS">
          <reporter-output>
          </reporter-output>
        </test-method> <!-- accountRegisterTest -->
      </class> <!-- testCases.TC001_accountRegisterTestCase -->
    </test> <!-- windowTest -->
  </suite> <!-- Suite -->
</testng-results>
