<?xml version="1.0" encoding="UTF-8"?>
<!-- Generated by org.testng.reporters.JUnitXMLReporter -->
<testsuite ignored="2" hostname="DEBASISH" failures="1" tests="2" name="groupTest" time="9.548" errors="0" timestamp="2025-12-03T23:13:25 IST">
  <testcase classname="testCases.TC002_loginTestCase" name="loginTest" time="1.785"/>
  <testcase classname="testCases.TC001_accountRegisterTestCase" name="accountRegisterTest" time="2.066">
    <failure type="java.lang.AssertionError" message="expected [true] but found [false]">
      <![CDATA[java.lang.AssertionError: expected [true] but found [false]
at testCases.TC001_accountRegisterTestCase.accountRegisterTest(TC001_accountRegisterTestCase.java:54)
at java.base/java.util.ArrayList.forEach(ArrayList.java:1596)
... Removed 29 stack frames]]>
    </failure>
  </testcase> <!-- accountRegisterTest -->
  <testcase classname="testCases.BaseTest" name="@AfterTest tearDown" time="0.0">
    <ignored/>
  </testcase> <!-- @AfterTest tearDown -->
  <testcase classname="testCases.BaseTest" name="@BeforeTest setup" time="0.0">
    <ignored/>
  </testcase> <!-- @BeforeTest setup -->
</testsuite> <!-- groupTest -->
